d:\someelseengine\engineforcgcourse-master-2\game\engine.dir\debug\engine.pdb
d:\someelseengine\engineforcgcourse-master-2\game\engine.dir\debug\texture.obj
d:\someelseengine\engineforcgcourse-master-2\game\engine.dir\debug\shape.obj
d:\someelseengine\engineforcgcourse-master-2\game\engine.dir\debug\shader.obj
d:\someelseengine\engineforcgcourse-master-2\game\engine.dir\debug\scene.obj
d:\someelseengine\engineforcgcourse-master-2\game\engine.dir\debug\obj_loader.obj
d:\someelseengine\engineforcgcourse-master-2\game\engine.dir\debug\vertexbuffer.obj
d:\someelseengine\engineforcgcourse-master-2\game\engine.dir\debug\vertexarray.obj
d:\someelseengine\engineforcgcourse-master-2\game\engine.dir\debug\movableglm.obj
d:\someelseengine\engineforcgcourse-master-2\game\engine.dir\debug\meshconstructor.obj
d:\someelseengine\engineforcgcourse-master-2\game\engine.dir\debug\mesh.obj
d:\someelseengine\engineforcgcourse-master-2\game\engine.dir\debug\material.obj
d:\someelseengine\engineforcgcourse-master-2\game\engine.dir\debug\indexbuffer.obj
d:\someelseengine\engineforcgcourse-master-2\game\engine.dir\debug\camera.obj
d:\someelseengine\engineforcgcourse-master-2\game\engine.dir\debug\stb_image.obj
d:\someelseengine\engineforcgcourse-master-2\game\cmakefiles\generate.stamp
d:\someelseengine\engineforcgcourse-master-2\game\debug\engine.lib
d:\someelseengine\engineforcgcourse-master-2\game\debug\engine.pdb
d:\someelseengine\engineforcgcourse-master-2\game\engine.dir\debug\engine.tlog\cl.command.1.tlog
d:\someelseengine\engineforcgcourse-master-2\game\engine.dir\debug\engine.tlog\cl.read.1.tlog
d:\someelseengine\engineforcgcourse-master-2\game\engine.dir\debug\engine.tlog\cl.write.1.tlog
d:\someelseengine\engineforcgcourse-master-2\game\engine.dir\debug\engine.tlog\custombuild.command.1.tlog
d:\someelseengine\engineforcgcourse-master-2\game\engine.dir\debug\engine.tlog\custombuild.read.1.tlog
d:\someelseengine\engineforcgcourse-master-2\game\engine.dir\debug\engine.tlog\custombuild.write.1.tlog
d:\someelseengine\engineforcgcourse-master-2\game\engine.dir\debug\engine.tlog\lib-link.read.1.tlog
d:\someelseengine\engineforcgcourse-master-2\game\engine.dir\debug\engine.tlog\lib-link.write.1.tlog
d:\someelseengine\engineforcgcourse-master-2\game\engine.dir\debug\engine.tlog\lib.command.1.tlog
