  Building Custom Rule D:/someElseEngine/EngineForCGcourse-master-2/CMakeLists.txt
  game.cpp
d:\someelseengine\engineforcgcourse-master-2\engine3d\Material.h(8): warning C4200: nonstandard extension used: zero-sized array in struct/union
  d:\someelseengine\engineforcgcourse-master-2\engine3d\Material.h(8): note: This member will be ignored by a defaulted constructor or copy/move assignment operator
D:\someElseEngine\EngineForCGcourse-master-2\Game\game.cpp(47): warning C4996: 'strcpy': This function or variable may be unsafe. Consider using strcpy_s instead. To disable deprecation, use _CRT_SECURE_NO_WARNINGS. See online help for details.
  C:\Program Files (x86)\Windows Kits\10\Include\10.0.17763.0\ucrt\string.h(133): note: see declaration of 'strcpy'
D:\someElseEngine\EngineForCGcourse-master-2\Game\game.cpp(48): warning C4996: 'strcpy': This function or variable may be unsafe. Consider using strcpy_s instead. To disable deprecation, use _CRT_SECURE_NO_WARNINGS. See online help for details.
  C:\Program Files (x86)\Windows Kits\10\Include\10.0.17763.0\ucrt\string.h(133): note: see declaration of 'strcpy'
D:\someElseEngine\EngineForCGcourse-master-2\Game\game.cpp(49): warning C4996: 'strcpy': This function or variable may be unsafe. Consider using strcpy_s instead. To disable deprecation, use _CRT_SECURE_NO_WARNINGS. See online help for details.
  C:\Program Files (x86)\Windows Kits\10\Include\10.0.17763.0\ucrt\string.h(133): note: see declaration of 'strcpy'
D:\someElseEngine\EngineForCGcourse-master-2\Game\game.cpp(50): warning C4996: 'strcpy': This function or variable may be unsafe. Consider using strcpy_s instead. To disable deprecation, use _CRT_SECURE_NO_WARNINGS. See online help for details.
  C:\Program Files (x86)\Windows Kits\10\Include\10.0.17763.0\ucrt\string.h(133): note: see declaration of 'strcpy'
D:\someElseEngine\EngineForCGcourse-master-2\Game\game.cpp(51): warning C4996: 'strcpy': This function or variable may be unsafe. Consider using strcpy_s instead. To disable deprecation, use _CRT_SECURE_NO_WARNINGS. See online help for details.
  C:\Program Files (x86)\Windows Kits\10\Include\10.0.17763.0\ucrt\string.h(133): note: see declaration of 'strcpy'
D:\someElseEngine\EngineForCGcourse-master-2\Game\game.cpp(52): warning C4996: 'strcpy': This function or variable may be unsafe. Consider using strcpy_s instead. To disable deprecation, use _CRT_SECURE_NO_WARNINGS. See online help for details.
  C:\Program Files (x86)\Windows Kits\10\Include\10.0.17763.0\ucrt\string.h(133): note: see declaration of 'strcpy'
D:\someElseEngine\EngineForCGcourse-master-2\Game\game.cpp(171): warning C4996: 'fopen': This function or variable may be unsafe. Consider using fopen_s instead. To disable deprecation, use _CRT_SECURE_NO_WARNINGS. See online help for details.
  C:\Program Files (x86)\Windows Kits\10\Include\10.0.17763.0\ucrt\stdio.h(208): note: see declaration of 'fopen'
D:\someElseEngine\EngineForCGcourse-master-2\Game\game.cpp(186): warning C4996: 'sscanf': This function or variable may be unsafe. Consider using sscanf_s instead. To disable deprecation, use _CRT_SECURE_NO_WARNINGS. See online help for details.
  C:\Program Files (x86)\Windows Kits\10\Include\10.0.17763.0\ucrt\stdio.h(2263): note: see declaration of 'sscanf'
D:\someElseEngine\EngineForCGcourse-master-2\Game\game.cpp(168): warning C4101: 'neededBuffer': unreferenced local variable
  main.cpp
d:\someelseengine\engineforcgcourse-master-2\engine3d\Material.h(8): warning C4200: nonstandard extension used: zero-sized array in struct/union
  d:\someelseengine\engineforcgcourse-master-2\engine3d\Material.h(8): note: This member will be ignored by a defaulted constructor or copy/move assignment operator
d:\someelseengine\engineforcgcourse-master-2\game\InputManager.h(16): warning C4244: 'initializing': conversion from 'double' to 'float', possible loss of data
d:\someelseengine\engineforcgcourse-master-2\game\InputManager.h(17): warning C4244: 'initializing': conversion from 'double' to 'float', possible loss of data
d:\someelseengine\engineforcgcourse-master-2\game\InputManager.h(41): warning C4244: 'argument': conversion from 'double' to 'float', possible loss of data
  Generating Code...
LINK : warning LNK4098: defaultlib 'LIBCMT' conflicts with use of other libs; use /NODEFAULTLIB:library
LINK : warning LNK4098: defaultlib 'MSVCRT' conflicts with use of other libs; use /NODEFAULTLIB:library
glew32s.lib(glew.obj) : warning LNK4099: PDB 'vc100.pdb' was not found with 'glew32s.lib(glew.obj)' or at 'D:\someElseEngine\EngineForCGcourse-master-2\Game\Debug\vc100.pdb'; linking object as if no debug info
  Game.vcxproj -> D:\someElseEngine\EngineForCGcourse-master-2\Game\Debug\Game.exe
